  Game.cpp
Game.cpp(7126): warning C4244: '=': conversion from 'double' to 'int', possible loss of data
Game.cpp(7127): warning C4244: '=': conversion from 'double' to 'int', possible loss of data
Game.cpp(7132): warning C4244: 'argument': conversion from 'time_t' to 'unsigned int', possible loss of data
Game.cpp(7135): warning C4244: 'argument': conversion from 'time_t' to 'unsigned int', possible loss of data
Game.cpp(7234): warning C4244: 'initializing': conversion from 'double' to 'int', possible loss of data
Game.cpp(7241): warning C4244: 'argument': conversion from 'time_t' to 'unsigned int', possible loss of data
Game.cpp(7243): warning C4244: 'argument': conversion from 'time_t' to 'unsigned int', possible loss of data
Game.cpp(7254): warning C4244: 'initializing': conversion from 'double' to 'int', possible loss of data
Game.cpp(7261): warning C4244: 'argument': conversion from 'time_t' to 'unsigned int', possible loss of data
Game.cpp(7266): warning C4244: 'argument': conversion from 'time_t' to 'unsigned int', possible loss of data
Game.cpp(7278): warning C4244: 'initializing': conversion from 'double' to 'int', possible loss of data
Game.cpp(7285): warning C4244: 'argument': conversion from 'time_t' to 'unsigned int', possible loss of data
Game.cpp(7287): warning C4244: 'argument': conversion from 'time_t' to 'unsigned int', possible loss of data
Game.cpp(7298): warning C4244: 'initializing': conversion from 'double' to 'int', possible loss of data
Game.cpp(7305): warning C4244: 'argument': conversion from 'time_t' to 'unsigned int', possible loss of data
Game.cpp(7310): warning C4244: 'argument': conversion from 'time_t' to 'unsigned int', possible loss of data
  Generating code
  0 of 646 functions ( 0.0%) were compiled, the rest were copied from previous compilation.
    0 functions were new in current compilation
    0 functions had inline decision re-evaluated but remain unchanged
  Finished generating code
  Engine.vcxproj -> C:\Users\Gebruiker\Documents\Programming\C++ Projects\Pong\Release\Engine.exe
  Engine.vcxproj -> C:\Users\Gebruiker\Documents\Programming\C++ Projects\Pong\Release\Engine.pdb (Full PDB)
